#
# There is insufficient memory for the Java Runtime Environment to continue.
# Native memory allocation (mmap) failed to map 47185920 bytes for Failed to commit area from 0x000000008e200000 to 0x0000000090f00000 of length 47185920.
# Possible reasons:
#   The system is out of physical RAM or swap space
#   The process is running with CompressedOops enabled, and the Java Heap may be blocking the growth of the native heap
# Possible solutions:
#   Reduce memory load on the system
#   Increase physical memory or swap space
#   Check if swap backing store is full
#   Decrease Java heap size (-Xmx/-Xms)
#   Decrease number of Java threads
#   Decrease Java thread stack sizes (-Xss)
#   Set larger code cache with -XX:ReservedCodeCacheSize=
#   JVM is running with Unscaled Compressed Oops mode in which the Java heap is
#     placed in the first 4GB address space. The Java Heap base address is the
#     maximum limit for the native heap growth. Please use -XX:HeapBaseMinAddress
#     to set the Java Heap base and to place the Java Heap above 4GB virtual address.
# This output file may be truncated or incomplete.
#
#  Out of Memory Error (./src/hotspot/os/windows/os_windows.cpp:3303), pid=10000, tid=9248
#
# JRE version: OpenJDK Runtime Environment (11.0.8+10) (build 11.0.8+10-b944.6842174)
# Java VM: OpenJDK 64-Bit Server VM (11.0.8+10-b944.6842174, mixed mode, tiered, compressed oops, g1 gc, windows-amd64)
# No core dump will be written. Minidumps are not enabled by default on client versions of Windows
#

---------------  S U M M A R Y ------------

Command Line: org.jetbrains.kotlin.cli.jvm.K2JVMCompiler @C:\Users\vovas\StudioProjects\runar-android\app\build\20210311_2011429289433730535.compiler.options

Host: AMD FX(tm)-4300 Quad-Core Processor            , 4 cores, 7G,  Windows 10 , 64 bit Build 19041 (10.0.19041.804)
Time: Thu Mar 11 14:13:58 2021 RTZ 2 (зима) elapsed time: 34 seconds (0d 0h 0m 34s)

---------------  T H R E A D  ---------------

Current thread (0x00000212f3774000):  VMThread "VM Thread" [stack: 0x000000604cd00000,0x000000604ce00000] [id=9248]

Stack: [0x000000604cd00000,0x000000604ce00000]
[error occurred during error reporting (printing stack bounds), id 0xc0000005, EXCEPTION_ACCESS_VIOLATION (0xc0000005) at pc=0x00000212dcf40dad]

Native frames: (J=compiled Java code, j=interpreted, Vv=VM code, C=native code)
V  [jvm.dll+0x5de50a]
V  [jvm.dll+0x7122f5]
V  [jvm.dll+0x71384d]
V  [jvm.dll+0x713e65]
V  [jvm.dll+0x713e1b]
V  [jvm.dll+0x5dd958]
V  [jvm.dll+0x5de0f8]
C  [ntdll.dll+0xa197f]
C  [ntdll.dll+0x4b754]
C  [ntdll.dll+0xa04ae]
C  0x00000212dcf40dad

VM_Operation (0x000000604c7fd610): G1CollectForAllocation, mode: safepoint, requested by thread 0x00000212d7de7800


---------------  P R O C E S S  ---------------

Threads class SMR info:
_java_thread_list=0x00000212f4837830, length=11, elements={
0x00000212d7de7800, 0x00000212f3798800, 0x00000212f3799800, 0x00000212f4143000,
0x00000212f37b3000, 0x00000212f37b4000, 0x00000212f37ba800, 0x00000212f37bf800,
0x00000212f427d000, 0x00000212f428d800, 0x00000212f479a800
}

Java Threads: ( => current thread )
  0x00000212d7de7800 JavaThread "main" [_thread_blocked, id=11584, stack(0x000000604c700000,0x000000604c800000)]
  0x00000212f3798800 JavaThread "Reference Handler" daemon [_thread_blocked, id=8640, stack(0x000000604ce00000,0x000000604cf00000)]
  0x00000212f3799800 JavaThread "Finalizer" daemon [_thread_blocked, id=4480, stack(0x000000604cf00000,0x000000604d000000)]
  0x00000212f4143000 JavaThread "Signal Dispatcher" daemon [_thread_blocked, id=2472, stack(0x000000604d000000,0x000000604d100000)]
  0x00000212f37b3000 JavaThread "Attach Listener" daemon [_thread_blocked, id=9628, stack(0x000000604d100000,0x000000604d200000)]
  0x00000212f37b4000 JavaThread "C2 CompilerThread0" daemon [_thread_blocked, id=9180, stack(0x000000604d200000,0x000000604d300000)]
  0x00000212f37ba800 JavaThread "C1 CompilerThread0" daemon [_thread_blocked, id=1316, stack(0x000000604d300000,0x000000604d400000)]
  0x00000212f37bf800 JavaThread "Sweeper thread" daemon [_thread_blocked, id=11096, stack(0x000000604d400000,0x000000604d500000)]
  0x00000212f427d000 JavaThread "Service Thread" daemon [_thread_blocked, id=11108, stack(0x000000604d500000,0x000000604d600000)]
  0x00000212f428d800 JavaThread "Common-Cleaner" daemon [_thread_blocked, id=10260, stack(0x000000604d700000,0x000000604d800000)]
  0x00000212f479a800 JavaThread "C2 CompilerThread1" daemon [_thread_blocked, id=11856, stack(0x000000604d800000,0x000000604d900000)]

Other Threads:
=>0x00000212f3774000 VMThread "VM Thread" [stack: 0x000000604cd00000,0x000000604ce00000] [id=9248]
  0x00000212f427e800 WatcherThread [stack: 0x000000604d600000,0x000000604d700000] [id=7032]
  0x00000212d7e00800 GCTaskThread "GC Thread#0" [stack: 0x000000604c800000,0x000000604c900000] [id=9268]
  0x00000212f427f000 GCTaskThread "GC Thread#1" [stack: 0x000000604d900000,0x000000604da00000] [id=11908]
  0x00000212f4655800 GCTaskThread "GC Thread#2" [stack: 0x000000604da00000,0x000000604db00000] [id=11520]
  0x00000212f592c000 GCTaskThread "GC Thread#3" [stack: 0x000000604dc00000,0x000000604dd00000] [id=5200]
  0x00000212d7e33000 ConcurrentGCThread "G1 Main Marker" [stack: 0x000000604c900000,0x000000604ca00000] [id=11736]
  0x00000212d7e34800 ConcurrentGCThread "G1 Conc#0" [stack: 0x000000604ca00000,0x000000604cb00000] [id=6204]
  0x00000212d7ec3800 ConcurrentGCThread "G1 Refine#0" [stack: 0x000000604cb00000,0x000000604cc00000] [id=11268]
  0x00000212fad99000 ConcurrentGCThread "G1 Refine#1" [stack: 0x000000604db00000,0x000000604dc00000] [id=9860]
  0x00000212d7ec4800 ConcurrentGCThread "G1 Young RemSet Sampling" [stack: 0x000000604cc00000,0x000000604cd00000] [id=6540]

Threads with active compile tasks:
C1 CompilerThread0  35001 19290       3       org.jetbrains.kotlin.types.AbstractTypeMapper::mapType (1090 bytes)
C2 CompilerThread1  35001 19298       4       org.jetbrains.kotlin.ir.declarations.lazy.IrLazyClass::getParent (19 bytes)

VM state:at safepoint (normal execution)

VM Mutex/Monitor currently owned by a thread:  ([mutex/lock_event])
[0x00000212d7de2cf0] Threads_lock - owner thread: 0x00000212f3774000
[0x00000212d7de34d0] Heap_lock - owner thread: 0x00000212d7de7800

Heap address: 0x0000000080400000, size: 2044 MB, Compressed Oops mode: 32-bit
Narrow klass base: 0x0000000000000000, Narrow klass shift: 3
Compressed class space size: 1073741824 Address: 0x0000000100000000

Heap:
 garbage-first heap   total 273408K, used 169564K [0x0000000080400000, 0x0000000100000000)
  region size 1024K, 2 young (2048K), 2 survivors (2048K)
 Metaspace       used 84867K, capacity 85723K, committed 85920K, reserved 1126400K
  class space    used 9105K, capacity 9453K, committed 9472K, reserved 1048576K
Heap Regions: E=young(eden), S=young(survivor), O=old, HS=humongous(starts), HC=humongous(continues), CS=collection set, F=free, A=archive, TAMS=top-at-mark-start (previous, next)
|   0|0x0000000080400000, 0x0000000080500000, 0x0000000080500000|100%|HS|  |TAMS 0x0000000080500000, 0x0000000080400000| Complete 
|   1|0x0000000080500000, 0x0000000080600000, 0x0000000080600000|100%|HC|  |TAMS 0x0000000080600000, 0x0000000080500000| Complete 
|   2|0x0000000080600000, 0x0000000080700000, 0x0000000080700000|100%|HC|  |TAMS 0x0000000080700000, 0x0000000080600000| Complete 
|   3|0x0000000080700000, 0x0000000080800000, 0x0000000080800000|100%| O|  |TAMS 0x0000000080800000, 0x0000000080700000| Untracked 
|   4|0x0000000080800000, 0x0000000080900000, 0x0000000080900000|100%| O|  |TAMS 0x0000000080900000, 0x0000000080800000| Untracked 
|   5|0x0000000080900000, 0x0000000080a00000, 0x0000000080a00000|100%|HS|  |TAMS 0x0000000080a00000, 0x0000000080900000| Complete 
|   6|0x0000000080a00000, 0x0000000080b00000, 0x0000000080b00000|100%|HC|  |TAMS 0x0000000080b00000, 0x0000000080a00000| Complete 
|   7|0x0000000080b00000, 0x0000000080c00000, 0x0000000080c00000|100%|HC|  |TAMS 0x0000000080c00000, 0x0000000080b00000| Complete 
|   8|0x0000000080c00000, 0x0000000080d00000, 0x0000000080d00000|100%|HS|  |TAMS 0x0000000080d00000, 0x0000000080c00000| Complete 
|   9|0x0000000080d00000, 0x0000000080e00000, 0x0000000080e00000|100%|HC|  |TAMS 0x0000000080e00000, 0x0000000080d00000| Complete 
|  10|0x0000000080e00000, 0x0000000080f00000, 0x0000000080f00000|100%|HC|  |TAMS 0x0000000080f00000, 0x0000000080e00000| Complete 
|  11|0x0000000080f00000, 0x0000000081000000, 0x0000000081000000|100%|HS|  |TAMS 0x0000000081000000, 0x0000000080f00000| Complete 
|  12|0x0000000081000000, 0x0000000081100000, 0x0000000081100000|100%|HC|  |TAMS 0x0000000081100000, 0x0000000081000000| Complete 
|  13|0x0000000081100000, 0x0000000081200000, 0x0000000081200000|100%| O|  |TAMS 0x0000000081200000, 0x0000000081100000| Untracked 
|  14|0x0000000081200000, 0x0000000081300000, 0x0000000081300000|100%| O|  |TAMS 0x0000000081300000, 0x0000000081200000| Untracked 
|  15|0x0000000081300000, 0x0000000081400000, 0x0000000081400000|100%| O|  |TAMS 0x0000000081400000, 0x0000000081300000| Untracked 
|  16|0x0000000081400000, 0x0000000081500000, 0x0000000081500000|100%| O|  |TAMS 0x0000000081500000, 0x0000000081400000| Untracked 
|  17|0x0000000081500000, 0x0000000081600000, 0x0000000081600000|100%| O|  |TAMS 0x0000000081600000, 0x0000000081500000| Untracked 
|  18|0x0000000081600000, 0x0000000081700000, 0x0000000081700000|100%| O|  |TAMS 0x0000000081700000, 0x0000000081600000| Untracked 
|  19|0x0000000081700000, 0x0000000081800000, 0x0000000081800000|100%| O|  |TAMS 0x0000000081800000, 0x0000000081700000| Untracked 
|  20|0x0000000081800000, 0x0000000081900000, 0x0000000081900000|100%| O|  |TAMS 0x0000000081900000, 0x0000000081800000| Untracked 
|  21|0x0000000081900000, 0x0000000081a00000, 0x0000000081a00000|100%| O|  |TAMS 0x0000000081a00000, 0x0000000081900000| Untracked 
|  22|0x0000000081a00000, 0x0000000081b00000, 0x0000000081b00000|100%| O|  |TAMS 0x0000000081b00000, 0x0000000081a00000| Untracked 
|  23|0x0000000081b00000, 0x0000000081c00000, 0x0000000081c00000|100%| O|  |TAMS 0x0000000081c00000, 0x0000000081b00000| Untracked 
|  24|0x0000000081c00000, 0x0000000081d00000, 0x0000000081d00000|100%| O|  |TAMS 0x0000000081d00000, 0x0000000081c00000| Untracked 
|  25|0x0000000081d00000, 0x0000000081e00000, 0x0000000081e00000|100%| O|  |TAMS 0x0000000081e00000, 0x0000000081d00000| Untracked 
|  26|0x0000000081e00000, 0x0000000081f00000, 0x0000000081f00000|100%| O|  |TAMS 0x0000000081f00000, 0x0000000081e00000| Untracked 
|  27|0x0000000081f00000, 0x0000000082000000, 0x0000000082000000|100%| O|  |TAMS 0x0000000082000000, 0x0000000081f00000| Untracked 
|  28|0x0000000082000000, 0x0000000082100000, 0x0000000082100000|100%| O|  |TAMS 0x0000000082100000, 0x0000000082000000| Untracked 
|  29|0x0000000082100000, 0x0000000082200000, 0x0000000082200000|100%| O|  |TAMS 0x0000000082200000, 0x0000000082100000| Untracked 
|  30|0x0000000082200000, 0x0000000082300000, 0x0000000082300000|100%| O|  |TAMS 0x0000000082300000, 0x0000000082200000| Untracked 
|  31|0x0000000082300000, 0x0000000082400000, 0x0000000082400000|100%| O|  |TAMS 0x0000000082400000, 0x0000000082300000| Untracked 
|  32|0x0000000082400000, 0x0000000082500000, 0x0000000082500000|100%| O|  |TAMS 0x0000000082500000, 0x0000000082400000| Untracked 
|  33|0x0000000082500000, 0x0000000082600000, 0x0000000082600000|100%| O|  |TAMS 0x0000000082600000, 0x0000000082500000| Untracked 
|  34|0x0000000082600000, 0x0000000082700000, 0x0000000082700000|100%| O|  |TAMS 0x0000000082700000, 0x0000000082600000| Untracked 
|  35|0x0000000082700000, 0x0000000082800000, 0x0000000082800000|100%| O|  |TAMS 0x0000000082800000, 0x0000000082700000| Untracked 
|  36|0x0000000082800000, 0x0000000082900000, 0x0000000082900000|100%| O|  |TAMS 0x0000000082900000, 0x0000000082800000| Untracked 
|  37|0x0000000082900000, 0x0000000082a00000, 0x0000000082a00000|100%| O|  |TAMS 0x0000000082a00000, 0x0000000082900000| Untracked 
|  38|0x0000000082a00000, 0x0000000082b00000, 0x0000000082b00000|100%| O|  |TAMS 0x0000000082b00000, 0x0000000082a00000| Untracked 
|  39|0x0000000082b00000, 0x0000000082c00000, 0x0000000082c00000|100%| O|  |TAMS 0x0000000082c00000, 0x0000000082b00000| Untracked 
|  40|0x0000000082c00000, 0x0000000082d00000, 0x0000000082d00000|100%| O|  |TAMS 0x0000000082d00000, 0x0000000082c00000| Untracked 
|  41|0x0000000082d00000, 0x0000000082e00000, 0x0000000082e00000|100%| O|  |TAMS 0x0000000082e00000, 0x0000000082d00000| Untracked 
|  42|0x0000000082e00000, 0x0000000082f00000, 0x0000000082f00000|100%| O|  |TAMS 0x0000000082f00000, 0x0000000082e00000| Untracked 
|  43|0x0000000082f00000, 0x0000000083000000, 0x0000000083000000|100%| O|  |TAMS 0x0000000083000000, 0x0000000082f00000| Untracked 
|  44|0x0000000083000000, 0x0000000083100000, 0x0000000083100000|100%| O|  |TAMS 0x0000000083100000, 0x0000000083000000| Untracked 
|  45|0x0000000083100000, 0x0000000083200000, 0x0000000083200000|100%| O|  |TAMS 0x0000000083200000, 0x0000000083100000| Untracked 
|  46|0x0000000083200000, 0x0000000083300000, 0x0000000083300000|100%| O|  |TAMS 0x0000000083300000, 0x0000000083200000| Untracked 
|  47|0x0000000083300000, 0x0000000083400000, 0x0000000083400000|100%| O|  |TAMS 0x0000000083400000, 0x0000000083300000| Untracked 
|  48|0x0000000083400000, 0x0000000083500000, 0x0000000083500000|100%| O|  |TAMS 0x0000000083500000, 0x0000000083400000| Untracked 
|  49|0x0000000083500000, 0x0000000083600000, 0x0000000083600000|100%| O|  |TAMS 0x0000000083600000, 0x0000000083500000| Untracked 
|  50|0x0000000083600000, 0x0000000083700000, 0x0000000083700000|100%| O|  |TAMS 0x0000000083700000, 0x0000000083600000| Untracked 
|  51|0x0000000083700000, 0x0000000083800000, 0x0000000083800000|100%| O|  |TAMS 0x0000000083800000, 0x0000000083700000| Untracked 
|  52|0x0000000083800000, 0x0000000083900000, 0x0000000083900000|100%| O|  |TAMS 0x0000000083900000, 0x0000000083800000| Untracked 
|  53|0x0000000083900000, 0x0000000083a00000, 0x0000000083a00000|100%| O|  |TAMS 0x0000000083a00000, 0x0000000083900000| Untracked 
|  54|0x0000000083a00000, 0x0000000083b00000, 0x0000000083b00000|100%| O|  |TAMS 0x0000000083b00000, 0x0000000083a00000| Untracked 
|  55|0x0000000083b00000, 0x0000000083c00000, 0x0000000083c00000|100%| O|  |TAMS 0x0000000083c00000, 0x0000000083b00000| Untracked 
|  56|0x0000000083c00000, 0x0000000083d00000, 0x0000000083d00000|100%| O|  |TAMS 0x0000000083d00000, 0x0000000083c00000| Untracked 
|  57|0x0000000083d00000, 0x0000000083e00000, 0x0000000083e00000|100%| O|  |TAMS 0x0000000083e00000, 0x0000000083d00000| Untracked 
|  58|0x0000000083e00000, 0x0000000083f00000, 0x0000000083f00000|100%| O|  |TAMS 0x0000000083f00000, 0x0000000083e00000| Untracked 
|  59|0x0000000083f00000, 0x0000000084000000, 0x0000000084000000|100%| O|  |TAMS 0x0000000084000000, 0x0000000083f00000| Untracked 
|  60|0x0000000084000000, 0x0000000084100000, 0x0000000084100000|100%| O|  |TAMS 0x0000000084100000, 0x0000000084000000| Untracked 
|  61|0x0000000084100000, 0x0000000084200000, 0x0000000084200000|100%| O|  |TAMS 0x0000000084200000, 0x0000000084100000| Untracked 
|  62|0x0000000084200000, 0x0000000084300000, 0x0000000084300000|100%| O|  |TAMS 0x0000000084300000, 0x0000000084200000| Untracked 
|  63|0x0000000084300000, 0x0000000084400000, 0x0000000084400000|100%| O|  |TAMS 0x0000000084400000, 0x0000000084300000| Untracked 
|  64|0x0000000084400000, 0x0000000084500000, 0x0000000084500000|100%| O|  |TAMS 0x0000000084500000, 0x0000000084400000| Untracked 
|  65|0x0000000084500000, 0x0000000084600000, 0x0000000084600000|100%| O|  |TAMS 0x0000000084600000, 0x0000000084500000| Untracked 
|  66|0x0000000084600000, 0x0000000084700000, 0x0000000084700000|100%| O|  |TAMS 0x0000000084700000, 0x0000000084600000| Untracked 
|  67|0x0000000084700000, 0x0000000084800000, 0x0000000084800000|100%| O|  |TAMS 0x0000000084800000, 0x0000000084700000| Untracked 
|  68|0x0000000084800000, 0x0000000084900000, 0x0000000084900000|100%| O|  |TAMS 0x0000000084900000, 0x0000000084800000| Untracked 
|  69|0x0000000084900000, 0x0000000084a00000, 0x0000000084a00000|100%| O|  |TAMS 0x0000000084a00000, 0x0000000084900000| Untracked 
|  70|0x0000000084a00000, 0x0000000084b00000, 0x0000000084b00000|100%| O|  |TAMS 0x0000000084b00000, 0x0000000084a00000| Untracked 
|  71|0x0000000084b00000, 0x0000000084c00000, 0x0000000084c00000|100%| O|  |TAMS 0x0000000084c00000, 0x0000000084b00000| Untracked 
|  72|0x0000000084c00000, 0x0000000084d00000, 0x0000000084d00000|100%| O|  |TAMS 0x0000000084d00000, 0x0000000084c00000| Untracked 
|  73|0x0000000084d00000, 0x0000000084e00000, 0x0000000084e00000|100%| O|  |TAMS 0x0000000084e00000, 0x0000000084d00000| Untracked 
|  74|0x0000000084e00000, 0x0000000084f00000, 0x0000000084f00000|100%| O|  |TAMS 0x0000000084f00000, 0x0000000084e00000| Untracked 
|  75|0x0000000084f00000, 0x0000000085000000, 0x0000000085000000|100%| O|  |TAMS 0x0000000085000000, 0x0000000084f00000| Untracked 
|  76|0x0000000085000000, 0x0000000085100000, 0x0000000085100000|100%| O|  |TAMS 0x0000000085100000, 0x0000000085000000| Untracked 
|  77|0x0000000085100000, 0x0000000085200000, 0x0000000085200000|100%|HS|  |TAMS 0x0000000085200000, 0x0000000085100000| Complete 
|  78|0x0000000085200000, 0x0000000085300000, 0x0000000085300000|100%|HC|  |TAMS 0x0000000085300000, 0x0000000085200000| Complete 
|  79|0x0000000085300000, 0x0000000085400000, 0x0000000085400000|100%| O|  |TAMS 0x0000000085400000, 0x0000000085300000| Untracked 
|  80|0x0000000085400000, 0x0000000085500000, 0x0000000085500000|100%| O|  |TAMS 0x0000000085500000, 0x0000000085400000| Untracked 
|  81|0x0000000085500000, 0x0000000085600000, 0x0000000085600000|100%| O|  |TAMS 0x0000000085600000, 0x0000000085500000| Untracked 
|  82|0x0000000085600000, 0x0000000085700000, 0x0000000085700000|100%| O|  |TAMS 0x0000000085700000, 0x0000000085600000| Untracked 
|  83|0x0000000085700000, 0x0000000085800000, 0x0000000085800000|100%| O|  |TAMS 0x0000000085800000, 0x0000000085700000| Untracked 
|  84|0x0000000085800000, 0x0000000085900000, 0x0000000085900000|100%| O|  |TAMS 0x0000000085900000, 0x0000000085800000| Untracked 
|  85|0x0000000085900000, 0x0000000085a00000, 0x0000000085a00000|100%| O|  |TAMS 0x0000000085a00000, 0x0000000085900000| Untracked 
|  86|0x0000000085a00000, 0x0000000085b00000, 0x0000000085b00000|100%| O|  |TAMS 0x0000000085b00000, 0x0000000085a00000| Untracked 
|  87|0x0000000085b00000, 0x0000000085c00000, 0x0000000085c00000|100%| O|  |TAMS 0x0000000085c00000, 0x0000000085b00000| Untracked 
|  88|0x0000000085c00000, 0x0000000085d00000, 0x0000000085d00000|100%| O|  |TAMS 0x0000000085d00000, 0x0000000085c00000| Untracked 
|  89|0x0000000085d00000, 0x0000000085e00000, 0x0000000085e00000|100%| O|  |TAMS 0x0000000085e00000, 0x0000000085d00000| Untracked 
|  90|0x0000000085e00000, 0x0000000085f00000, 0x0000000085f00000|100%| O|  |TAMS 0x0000000085f00000, 0x0000000085e00000| Untracked 
|  91|0x0000000085f00000, 0x0000000086000000, 0x0000000086000000|100%| O|  |TAMS 0x0000000086000000, 0x0000000085f00000| Untracked 
|  92|0x0000000086000000, 0x0000000086100000, 0x0000000086100000|100%| O|  |TAMS 0x0000000086100000, 0x0000000086000000| Untracked 
|  93|0x0000000086100000, 0x0000000086200000, 0x0000000086200000|100%| O|  |TAMS 0x0000000086200000, 0x0000000086100000| Untracked 
|  94|0x0000000086200000, 0x0000000086300000, 0x0000000086300000|100%| O|  |TAMS 0x0000000086300000, 0x0000000086200000| Untracked 
|  95|0x0000000086300000, 0x0000000086400000, 0x0000000086400000|100%| O|  |TAMS 0x0000000086400000, 0x0000000086300000| Untracked 
|  96|0x0000000086400000, 0x0000000086500000, 0x0000000086500000|100%| O|  |TAMS 0x0000000086500000, 0x0000000086400000| Untracked 
|  97|0x0000000086500000, 0x0000000086600000, 0x0000000086600000|100%| O|  |TAMS 0x0000000086600000, 0x0000000086500000| Untracked 
|  98|0x0000000086600000, 0x0000000086700000, 0x0000000086700000|100%| O|  |TAMS 0x0000000086700000, 0x0000000086600000| Untracked 
|  99|0x0000000086700000, 0x0000000086800000, 0x0000000086800000|100%| O|  |TAMS 0x0000000086800000, 0x0000000086700000| Untracked 
| 100|0x0000000086800000, 0x0000000086900000, 0x0000000086900000|100%| O|  |TAMS 0x0000000086900000, 0x0000000086800000| Untracked 
| 101|0x0000000086900000, 0x0000000086a00000, 0x0000000086a00000|100%| O|  |TAMS 0x0000000086a00000, 0x0000000086900000| Untracked 
| 102|0x0000000086a00000, 0x0000000086b00000, 0x0000000086b00000|100%| O|  |TAMS 0x0000000086b00000, 0x0000000086a00000| Untracked 
| 103|0x0000000086b00000, 0x0000000086c00000, 0x0000000086c00000|100%| O|  |TAMS 0x0000000086c00000, 0x0000000086b00000| Untracked 
| 104|0x0000000086c00000, 0x0000000086d00000, 0x0000000086d00000|100%| O|  |TAMS 0x0000000086d00000, 0x0000000086c00000| Untracked 
| 105|0x0000000086d00000, 0x0000000086e00000, 0x0000000086e00000|100%| O|  |TAMS 0x0000000086e00000, 0x0000000086d00000| Untracked 
| 106|0x0000000086e00000, 0x0000000086f00000, 0x0000000086f00000|100%| O|  |TAMS 0x0000000086f00000, 0x0000000086e00000| Untracked 
| 107|0x0000000086f00000, 0x0000000087000000, 0x0000000087000000|100%| O|  |TAMS 0x0000000087000000, 0x0000000086f00000| Untracked 
| 108|0x0000000087000000, 0x0000000087100000, 0x0000000087100000|100%| O|  |TAMS 0x0000000087100000, 0x0000000087000000| Untracked 
| 109|0x0000000087100000, 0x0000000087200000, 0x0000000087200000|100%| O|  |TAMS 0x0000000087200000, 0x0000000087100000| Untracked 
| 110|0x0000000087200000, 0x0000000087300000, 0x0000000087300000|100%| O|  |TAMS 0x0000000087300000, 0x0000000087200000| Untracked 
| 111|0x0000000087300000, 0x0000000087400000, 0x0000000087400000|100%| O|  |TAMS 0x0000000087400000, 0x0000000087300000| Untracked 
| 112|0x0000000087400000, 0x0000000087500000, 0x0000000087500000|100%| O|  |TAMS 0x0000000087500000, 0x0000000087400000| Untracked 
| 113|0x0000000087500000, 0x0000000087600000, 0x0000000087600000|100%| O|  |TAMS 0x0000000087600000, 0x0000000087500000| Untracked 
| 114|0x0000000087600000, 0x0000000087700000, 0x0000000087700000|100%| O|  |TAMS 0x0000000087700000, 0x0000000087600000| Untracked 
| 115|0x0000000087700000, 0x0000000087800000, 0x0000000087800000|100%| O|  |TAMS 0x0000000087800000, 0x0000000087700000| Untracked 
| 116|0x0000000087800000, 0x0000000087900000, 0x0000000087900000|100%| O|  |TAMS 0x0000000087900000, 0x0000000087800000| Untracked 
| 117|0x0000000087900000, 0x0000000087a00000, 0x0000000087a00000|100%| O|  |TAMS 0x0000000087a00000, 0x0000000087900000| Untracked 
| 118|0x0000000087a00000, 0x0000000087b00000, 0x0000000087b00000|100%| O|  |TAMS 0x0000000087b00000, 0x0000000087a00000| Untracked 
| 119|0x0000000087b00000, 0x0000000087c00000, 0x0000000087c00000|100%| O|  |TAMS 0x0000000087c00000, 0x0000000087b00000| Untracked 
| 120|0x0000000087c00000, 0x0000000087d00000, 0x0000000087d00000|100%| O|  |TAMS 0x0000000087d00000, 0x0000000087c00000| Untracked 
| 121|0x0000000087d00000, 0x0000000087e00000, 0x0000000087e00000|100%| O|  |TAMS 0x0000000087e00000, 0x0000000087d00000| Untracked 
| 122|0x0000000087e00000, 0x0000000087f00000, 0x0000000087f00000|100%| O|  |TAMS 0x0000000087f00000, 0x0000000087e00000| Untracked 
| 123|0x0000000087f00000, 0x0000000088000000, 0x0000000088000000|100%| O|  |TAMS 0x0000000088000000, 0x0000000087f00000| Untracked 
| 124|0x0000000088000000, 0x0000000088100000, 0x0000000088100000|100%| O|  |TAMS 0x0000000088100000, 0x0000000088000000| Untracked 
| 125|0x0000000088100000, 0x0000000088200000, 0x0000000088200000|100%| O|  |TAMS 0x0000000088200000, 0x0000000088100000| Untracked 
| 126|0x0000000088200000, 0x0000000088300000, 0x0000000088300000|100%| O|  |TAMS 0x0000000088300000, 0x0000000088200000| Untracked 
| 127|0x0000000088300000, 0x0000000088400000, 0x0000000088400000|100%| O|  |TAMS 0x0000000088400000, 0x0000000088300000| Untracked 
| 128|0x0000000088400000, 0x0000000088500000, 0x0000000088500000|100%| O|  |TAMS 0x0000000088500000, 0x0000000088400000| Untracked 
| 129|0x0000000088500000, 0x0000000088600000, 0x0000000088600000|100%| O|  |TAMS 0x0000000088600000, 0x0000000088500000| Untracked 
| 130|0x0000000088600000, 0x0000000088700000, 0x0000000088700000|100%| O|  |TAMS 0x0000000088700000, 0x0000000088600000| Untracked 
| 131|0x0000000088700000, 0x0000000088800000, 0x0000000088800000|100%| O|  |TAMS 0x0000000088800000, 0x0000000088700000| Untracked 
| 132|0x0000000088800000, 0x0000000088900000, 0x0000000088900000|100%| O|  |TAMS 0x0000000088900000, 0x0000000088800000| Untracked 
| 133|0x0000000088900000, 0x0000000088a00000, 0x0000000088a00000|100%| O|  |TAMS 0x0000000088a00000, 0x0000000088900000| Untracked 
| 134|0x0000000088a00000, 0x0000000088b00000, 0x0000000088b00000|100%| O|  |TAMS 0x0000000088b00000, 0x0000000088a00000| Untracked 
| 135|0x0000000088b00000, 0x0000000088c00000, 0x0000000088c00000|100%| O|  |TAMS 0x0000000088c00000, 0x0000000088b00000| Untracked 
| 136|0x0000000088c00000, 0x0000000088d00000, 0x0000000088d00000|100%| O|  |TAMS 0x0000000088d00000, 0x0000000088c00000| Untracked 
| 137|0x0000000088d00000, 0x0000000088e00000, 0x0000000088e00000|100%| O|  |TAMS 0x0000000088e00000, 0x0000000088d00000| Untracked 
| 138|0x0000000088e00000, 0x0000000088f00000, 0x0000000088f00000|100%| O|  |TAMS 0x0000000088f00000, 0x0000000088e00000| Untracked 
| 139|0x0000000088f00000, 0x0000000089000000, 0x0000000089000000|100%| O|  |TAMS 0x0000000089000000, 0x0000000088f00000| Untracked 
| 140|0x0000000089000000, 0x0000000089100000, 0x0000000089100000|100%| O|  |TAMS 0x0000000089100000, 0x0000000089000000| Untracked 
| 141|0x0000000089100000, 0x0000000089200000, 0x0000000089200000|100%| O|  |TAMS 0x0000000089200000, 0x0000000089100000| Untracked 
| 142|0x0000000089200000, 0x0000000089300000, 0x0000000089300000|100%| O|  |TAMS 0x0000000089300000, 0x0000000089200000| Untracked 
| 143|0x0000000089300000, 0x0000000089400000, 0x0000000089400000|100%| O|  |TAMS 0x0000000089400000, 0x0000000089300000| Untracked 
| 144|0x0000000089400000, 0x0000000089500000, 0x0000000089500000|100%| O|  |TAMS 0x0000000089500000, 0x0000000089400000| Untracked 
| 145|0x0000000089500000, 0x0000000089600000, 0x0000000089600000|100%| O|  |TAMS 0x0000000089600000, 0x0000000089500000| Untracked 
| 146|0x0000000089600000, 0x0000000089700000, 0x0000000089700000|100%| O|  |TAMS 0x0000000089700000, 0x0000000089600000| Untracked 
| 147|0x0000000089700000, 0x0000000089800000, 0x0000000089800000|100%| O|  |TAMS 0x0000000089800000, 0x0000000089700000| Untracked 
| 148|0x0000000089800000, 0x0000000089900000, 0x0000000089900000|100%| O|  |TAMS 0x0000000089900000, 0x0000000089800000| Untracked 
| 149|0x0000000089900000, 0x0000000089a00000, 0x0000000089a00000|100%| O|  |TAMS 0x0000000089a00000, 0x0000000089900000| Untracked 
| 150|0x0000000089a00000, 0x0000000089b00000, 0x0000000089b00000|100%| O|  |TAMS 0x0000000089b00000, 0x0000000089a00000| Untracked 
| 151|0x0000000089b00000, 0x0000000089c00000, 0x0000000089c00000|100%| O|  |TAMS 0x0000000089b80000, 0x0000000089b00000| Untracked 
| 152|0x0000000089c00000, 0x0000000089d00000, 0x0000000089d00000|100%|HS|  |TAMS 0x0000000089c00000, 0x0000000089c00000| Complete 
| 153|0x0000000089d00000, 0x0000000089e00000, 0x0000000089e00000|100%| O|  |TAMS 0x0000000089d00000, 0x0000000089d00000| Untracked 
| 154|0x0000000089e00000, 0x0000000089f00000, 0x0000000089f00000|100%| O|  |TAMS 0x0000000089e00000, 0x0000000089e00000| Untracked 
| 155|0x0000000089f00000, 0x000000008a000000, 0x000000008a000000|100%| O|  |TAMS 0x0000000089f00000, 0x0000000089f00000| Untracked 
| 156|0x000000008a000000, 0x000000008a100000, 0x000000008a100000|100%| O|  |TAMS 0x000000008a000000, 0x000000008a000000| Untracked 
| 157|0x000000008a100000, 0x000000008a200000, 0x000000008a200000|100%| O|  |TAMS 0x000000008a100000, 0x000000008a100000| Untracked 
| 158|0x000000008a200000, 0x000000008a300000, 0x000000008a300000|100%|HS|  |TAMS 0x000000008a200000, 0x000000008a200000| Complete 
| 159|0x000000008a300000, 0x000000008a400000, 0x000000008a400000|100%|HC|  |TAMS 0x000000008a300000, 0x000000008a300000| Complete 
| 160|0x000000008a400000, 0x000000008a500000, 0x000000008a500000|100%| O|  |TAMS 0x000000008a400000, 0x000000008a400000| Untracked 
| 161|0x000000008a500000, 0x000000008a600000, 0x000000008a600000|100%| O|  |TAMS 0x000000008a500000, 0x000000008a500000| Untracked 
| 162|0x000000008a600000, 0x000000008a700000, 0x000000008a700000|100%| O|  |TAMS 0x000000008a600000, 0x000000008a600000| Untracked 
| 163|0x000000008a700000, 0x000000008a800000, 0x000000008a800000|100%| O|  |TAMS 0x000000008a700000, 0x000000008a700000| Untracked 
| 164|0x000000008a800000, 0x000000008a862c00, 0x000000008a900000| 38%| O|  |TAMS 0x000000008a800000, 0x000000008a800000| Untracked 
| 165|0x000000008a900000, 0x000000008a900000, 0x000000008aa00000|  0%| F|  |TAMS 0x000000008a900000, 0x000000008a900000| Untracked 
| 166|0x000000008aa00000, 0x000000008aa00000, 0x000000008ab00000|  0%| F|  |TAMS 0x000000008aa00000, 0x000000008aa00000| Untracked 
| 167|0x000000008ab00000, 0x000000008ab00000, 0x000000008ac00000|  0%| F|  |TAMS 0x000000008ab00000, 0x000000008ab00000| Untracked 
| 168|0x000000008ac00000, 0x000000008ac00000, 0x000000008ad00000|  0%| F|  |TAMS 0x000000008ac00000, 0x000000008ac00000| Untracked 
| 169|0x000000008ad00000, 0x000000008ad00000, 0x000000008ae00000|  0%| F|  |TAMS 0x000000008ad00000, 0x000000008ad00000| Untracked 
| 170|0x000000008ae00000, 0x000000008ae00000, 0x000000008af00000|  0%| F|  |TAMS 0x000000008ae00000, 0x000000008ae00000| Untracked 
| 171|0x000000008af00000, 0x000000008af00000, 0x000000008b000000|  0%| F|  |TAMS 0x000000008af00000, 0x000000008af00000| Untracked 
| 172|0x000000008b000000, 0x000000008b000000, 0x000000008b100000|  0%| F|  |TAMS 0x000000008b000000, 0x000000008b000000| Untracked 
| 173|0x000000008b100000, 0x000000008b100000, 0x000000008b200000|  0%| F|  |TAMS 0x000000008b100000, 0x000000008b100000| Untracked 
| 174|0x000000008b200000, 0x000000008b200000, 0x000000008b300000|  0%| F|  |TAMS 0x000000008b200000, 0x000000008b200000| Untracked 
| 175|0x000000008b300000, 0x000000008b300000, 0x000000008b400000|  0%| F|  |TAMS 0x000000008b300000, 0x000000008b300000| Untracked 
| 176|0x000000008b400000, 0x000000008b400000, 0x000000008b500000|  0%| F|  |TAMS 0x000000008b400000, 0x000000008b400000| Untracked 
| 177|0x000000008b500000, 0x000000008b500000, 0x000000008b600000|  0%| F|  |TAMS 0x000000008b500000, 0x000000008b500000| Untracked 
| 178|0x000000008b600000, 0x000000008b600000, 0x000000008b700000|  0%| F|  |TAMS 0x000000008b600000, 0x000000008b600000| Untracked 
| 179|0x000000008b700000, 0x000000008b700000, 0x000000008b800000|  0%| F|  |TAMS 0x000000008b700000, 0x000000008b700000| Untracked 
| 180|0x000000008b800000, 0x000000008b800000, 0x000000008b900000|  0%| F|  |TAMS 0x000000008b800000, 0x000000008b800000| Untracked 
| 181|0x000000008b900000, 0x000000008b900000, 0x000000008ba00000|  0%| F|  |TAMS 0x000000008b900000, 0x000000008b900000| Untracked 
| 182|0x000000008ba00000, 0x000000008ba00000, 0x000000008bb00000|  0%| F|  |TAMS 0x000000008ba00000, 0x000000008ba00000| Untracked 
| 183|0x000000008bb00000, 0x000000008bb00000, 0x000000008bc00000|  0%| F|  |TAMS 0x000000008bb00000, 0x000000008bb00000| Untracked 
| 184|0x000000008bc00000, 0x000000008bc00000, 0x000000008bd00000|  0%| F|  |TAMS 0x000000008bc00000, 0x000000008bc00000| Untracked 
| 185|0x000000008bd00000, 0x000000008bd00000, 0x000000008be00000|  0%| F|  |TAMS 0x000000008bd00000, 0x000000008bd00000| Untracked 
| 186|0x000000008be00000, 0x000000008be00000, 0x000000008bf00000|  0%| F|  |TAMS 0x000000008be00000, 0x000000008be00000| Untracked 
| 187|0x000000008bf00000, 0x000000008bf00000, 0x000000008c000000|  0%| F|  |TAMS 0x000000008bf00000, 0x000000008bf00000| Untracked 
| 188|0x000000008c000000, 0x000000008c000000, 0x000000008c100000|  0%| F|  |TAMS 0x000000008c000000, 0x000000008c000000| Untracked 
| 189|0x000000008c100000, 0x000000008c100000, 0x000000008c200000|  0%| F|  |TAMS 0x000000008c100000, 0x000000008c100000| Untracked 
| 190|0x000000008c200000, 0x000000008c200000, 0x000000008c300000|  0%| F|  |TAMS 0x000000008c200000, 0x000000008c200000| Untracked 
| 191|0x000000008c300000, 0x000000008c300000, 0x000000008c400000|  0%| F|  |TAMS 0x000000008c300000, 0x000000008c300000| Untracked 
| 192|0x000000008c400000, 0x000000008c400000, 0x000000008c500000|  0%| F|  |TAMS 0x000000008c400000, 0x000000008c400000| Untracked 
| 193|0x000000008c500000, 0x000000008c500000, 0x000000008c600000|  0%| F|  |TAMS 0x000000008c500000, 0x000000008c500000| Untracked 
| 194|0x000000008c600000, 0x000000008c600000, 0x000000008c700000|  0%| F|  |TAMS 0x000000008c600000, 0x000000008c600000| Untracked 
| 195|0x000000008c700000, 0x000000008c7344e0, 0x000000008c800000| 20%| S|CS|TAMS 0x000000008c700000, 0x000000008c700000| Complete 
| 196|0x000000008c800000, 0x000000008c800000, 0x000000008c900000|  0%| F|  |TAMS 0x000000008c800000, 0x000000008c800000| Untracked 
| 197|0x000000008c900000, 0x000000008c900000, 0x000000008ca00000|  0%| F|  |TAMS 0x000000008c900000, 0x000000008c900000| Untracked 
| 198|0x000000008ca00000, 0x000000008ca00000, 0x000000008cb00000|  0%| F|  |TAMS 0x000000008ca00000, 0x000000008ca00000| Untracked 
| 199|0x000000008cb00000, 0x000000008cb00000, 0x000000008cc00000|  0%| F|  |TAMS 0x000000008cb00000, 0x000000008cb00000| Untracked 
| 200|0x000000008cc00000, 0x000000008cd00000, 0x000000008cd00000|100%| S|CS|TAMS 0x000000008cc00000, 0x000000008cc00000| Complete 
| 201|0x000000008cd00000, 0x000000008cd00000, 0x000000008ce00000|  0%| F|  |TAMS 0x000000008cd00000, 0x000000008cd00000| Untracked 
| 202|0x000000008ce00000, 0x000000008ce00000, 0x000000008cf00000|  0%| F|  |TAMS 0x000000008ce00000, 0x000000008ce00000| Untracked 
| 203|0x000000008cf00000, 0x000000008cf00000, 0x000000008d000000|  0%| F|  |TAMS 0x000000008cf00000, 0x000000008cf00000| Untracked 
| 204|0x000000008d000000, 0x000000008d000000, 0x000000008d100000|  0%| F|  |TAMS 0x000000008d000000, 0x000000008d000000| Untracked 
| 205|0x000000008d100000, 0x000000008d100000, 0x000000008d200000|  0%| F|  |TAMS 0x000000008d100000, 0x000000008d100000| Untracked 
| 206|0x000000008d200000, 0x000000008d200000, 0x000000008d300000|  0%| F|  |TAMS 0x000000008d200000, 0x000000008d200000| Untracked 
| 207|0x000000008d300000, 0x000000008d300000, 0x000000008d400000|  0%| F|  |TAMS 0x000000008d300000, 0x000000008d300000| Untracked 
| 208|0x000000008d400000, 0x000000008d400000, 0x000000008d500000|  0%| F|  |TAMS 0x000000008d400000, 0x000000008d400000| Untracked 
| 209|0x000000008d500000, 0x000000008d500000, 0x000000008d600000|  0%| F|  |TAMS 0x000000008d500000, 0x000000008d500000| Untracked 
| 210|0x000000008d600000, 0x000000008d600000, 0x000000008d700000|  0%| F|  |TAMS 0x000000008d600000, 0x000000008d600000| Untracked 
| 211|0x000000008d700000, 0x000000008d700000, 0x000000008d800000|  0%| F|  |TAMS 0x000000008d700000, 0x000000008d700000| Untracked 
| 212|0x000000008d800000, 0x000000008d800000, 0x000000008d900000|  0%| F|  |TAMS 0x000000008d800000, 0x000000008d800000| Untracked 
| 213|0x000000008d900000, 0x000000008d900000, 0x000000008da00000|  0%| F|  |TAMS 0x000000008d900000, 0x000000008d900000| Untracked 
| 214|0x000000008da00000, 0x000000008da00000, 0x000000008db00000|  0%| F|  |TAMS 0x000000008da00000, 0x000000008da00000| Untracked 
| 215|0x000000008db00000, 0x000000008db00000, 0x000000008dc00000|  0%| F|  |TAMS 0x000000008db00000, 0x000000008db00000| Untracked 
| 216|0x000000008dc00000, 0x000000008dc00000, 0x000000008dd00000|  0%| F|  |TAMS 0x000000008dc00000, 0x000000008dc00000| Untracked 
| 217|0x000000008dd00000, 0x000000008dd00000, 0x000000008de00000|  0%| F|  |TAMS 0x000000008dd00000, 0x000000008dd00000| Untracked 
| 218|0x000000008de00000, 0x000000008de00000, 0x000000008df00000|  0%| F|  |TAMS 0x000000008de00000, 0x000000008de00000| Untracked 
| 219|0x000000008df00000, 0x000000008df00000, 0x000000008e000000|  0%| F|  |TAMS 0x000000008df00000, 0x000000008df00000| Untracked 
| 220|0x000000008e000000, 0x000000008e000000, 0x000000008e100000|  0%| F|  |TAMS 0x000000008e000000, 0x000000008e000000| Untracked 
| 221|0x000000008e100000, 0x000000008e100000, 0x000000008e200000|  0%| F|  |TAMS 0x000000008e100000, 0x000000008e100000| Untracked 

Card table byte_map: [0x00000212ec970000,0x00000212ecd70000] _byte_map_base: 0x00000212ec56e000

Marking Bits (Prev, Next): (CMBitMap*) 0x00000212d7e2a198, (CMBitMap*) 0x00000212d7e2a1d0
 Prev Bits: [0x00000212ed170000, 0x00000212ef160000)
 Next Bits: [0x00000212ef160000, 0x00000212f1150000)

Polling page: 0x00000212d7ed0000

Metaspace:

Usage:
  Non-class:     74.48 MB capacity,    73.99 MB (>99%) used,   376.29 KB ( <1%) free+waste,   131.13 KB ( <1%) overhead. 
      Class:      9.23 MB capacity,     8.89 MB ( 96%) used,   295.27 KB (  3%) free+waste,    52.44 KB ( <1%) overhead. 
       Both:     83.71 MB capacity,    82.88 MB (>99%) used,   671.55 KB ( <1%) free+waste,   183.56 KB ( <1%) overhead. 

Virtual space:
  Non-class space:       76.00 MB reserved,      74.66 MB ( 98%) committed 
      Class space:        1.00 GB reserved,       9.25 MB ( <1%) committed 
             Both:        1.07 GB reserved,      83.91 MB (  8%) committed 

Chunk freelists:
   Non-Class:  50.00 KB
       Class:  19.00 KB
        Both:  69.00 KB

MaxMetaspaceSize: 17179869184.00 GB
CompressedClassSpaceSize: 1.00 GB

CodeHeap 'non-profiled nmethods': size=120064Kb used=10429Kb max_used=10429Kb free=109634Kb
 bounds [0x00000212e4a00000, 0x00000212e5440000, 0x00000212ebf40000]
CodeHeap 'profiled nmethods': size=120000Kb used=50442Kb max_used=50442Kb free=69557Kb
 bounds [0x00000212dd4d0000, 0x00000212e0670000, 0x00000212e4a00000]
CodeHeap 'non-nmethods': size=5696Kb used=1274Kb max_used=1312Kb free=4421Kb
 bounds [0x00000212dcf40000, 0x00000212dd1b0000, 0x00000212dd4d0000]
 total_blobs=17356 nmethods=16706 adapters=558
 compilation: enabled
              stopped_count=0, restarted_count=0
 full_count=0

Compilation events (20 events):
Event: 34.958 Thread 0x00000212f37ba800 nmethod 19279 0x00000212e065ba10 code [0x00000212e065bee0, 0x00000212e065e0f8]
Event: 34.958 Thread 0x00000212f37ba800 19280       1       org.jetbrains.kotlin.backend.jvm.JvmBackendContext::getMethodSignatureMapper (5 bytes)
Event: 34.958 Thread 0x00000212f37ba800 nmethod 19280 0x00000212e5432090 code [0x00000212e5432240, 0x00000212e54322f8]
Event: 34.958 Thread 0x00000212f37ba800 19281       1       org.jetbrains.kotlin.ir.descriptors.IrBasedDeclarationDescriptor::getOwner (5 bytes)
Event: 34.958 Thread 0x00000212f37ba800 nmethod 19281 0x00000212e5432390 code [0x00000212e5432540, 0x00000212e54325f8]
Event: 34.958 Thread 0x00000212f37ba800 19283       1       org.jetbrains.kotlin.backend.jvm.JvmBackendContext::getCachedDeclarations$backend_jvm (5 bytes)
Event: 34.958 Thread 0x00000212f37ba800 nmethod 19283 0x00000212e5432690 code [0x00000212e5432840, 0x00000212e54328f8]
Event: 34.958 Thread 0x00000212f37ba800 19284       3       org.jetbrains.kotlin.ir.util.IrFakeOverrideUtilsKt$collectRealOverrides$4::invoke (12 bytes)
Event: 34.959 Thread 0x00000212f37ba800 nmethod 19284 0x00000212de709690 code [0x00000212de709860, 0x00000212de709b68]
Event: 34.959 Thread 0x00000212f37ba800 19286       3       org.jetbrains.kotlin.backend.jvm.codegen.IrTypeCheckerContextForTypeMapping::getPrimitiveArrayType (18 bytes)
Event: 34.959 Thread 0x00000212f479a800 nmethod 19282 0x00000212e5432990 code [0x00000212e5432b40, 0x00000212e5432bf8]
Event: 34.959 Thread 0x00000212f37ba800 nmethod 19286 0x00000212e065ec90 code [0x00000212e065eec0, 0x00000212e065f508]
Event: 34.959 Thread 0x00000212f37ba800 19287       3       org.jetbrains.org.objectweb.asm.Type::getMethodDescriptor (66 bytes)
Event: 34.960 Thread 0x00000212f37ba800 nmethod 19287 0x00000212e065f790 code [0x00000212e065fa00, 0x00000212e06602a8]
Event: 34.960 Thread 0x00000212f37ba800 19288       3       org.jetbrains.kotlin.ir.types.IrTypeCheckerContext::asSimpleType (6 bytes)
Event: 34.960 Thread 0x00000212f37ba800 nmethod 19288 0x00000212e0660690 code [0x00000212e06608e0, 0x00000212e06611b8]
Event: 34.960 Thread 0x00000212f37ba800 19289       3       org.jetbrains.kotlin.ir.types.IrTypeSystemContext$DefaultImpls::asSimpleType (28 bytes)
Event: 34.961 Thread 0x00000212f37ba800 nmethod 19289 0x00000212e0661490 code [0x00000212e0661740, 0x00000212e0662378]
Event: 34.961 Thread 0x00000212f37ba800 19290       3       org.jetbrains.kotlin.types.AbstractTypeMapper::mapType (1090 bytes)
Event: 34.965 Thread 0x00000212f479a800 19298       4       org.jetbrains.kotlin.ir.declarations.lazy.IrLazyClass::getParent (19 bytes)

GC Heap History (20 events):
Event: 25.409 GC heap after
{Heap after GC invocations=21 (full 0):
 garbage-first heap   total 189440K, used 97459K [0x0000000080400000, 0x0000000100000000)
  region size 1024K, 6 young (6144K), 6 survivors (6144K)
 Metaspace       used 68978K, capacity 69798K, committed 69920K, reserved 1112064K
  class space    used 7625K, capacity 7958K, committed 8064K, reserved 1048576K
}
Event: 26.744 GC heap before
{Heap before GC invocations=22 (full 0):
 garbage-first heap   total 189440K, used 142515K [0x0000000080400000, 0x0000000100000000)
  region size 1024K, 50 young (51200K), 6 survivors (6144K)
 Metaspace       used 69234K, capacity 70055K, committed 70176K, reserved 1112064K
  class space    used 7630K, capacity 7958K, committed 8064K, reserved 1048576K
}
Event: 26.764 GC heap after
{Heap after GC invocations=23 (full 0):
 garbage-first heap   total 189440K, used 102214K [0x0000000080400000, 0x0000000100000000)
  region size 1024K, 7 young (7168K), 7 survivors (7168K)
 Metaspace       used 69234K, capacity 70055K, committed 70176K, reserved 1112064K
  class space    used 7630K, capacity 7958K, committed 8064K, reserved 1048576K
}
Event: 27.761 GC heap before
{Heap before GC invocations=23 (full 0):
 garbage-first heap   total 189440K, used 146246K [0x0000000080400000, 0x0000000100000000)
  region size 1024K, 50 young (51200K), 7 survivors (7168K)
 Metaspace       used 69846K, capacity 70668K, committed 70944K, reserved 1112064K
  class space    used 7678K, capacity 7992K, committed 8064K, reserved 1048576K
}
Event: 27.778 GC heap after
{Heap after GC invocations=24 (full 0):
 garbage-first heap   total 189440K, used 105794K [0x0000000080400000, 0x0000000100000000)
  region size 1024K, 4 young (4096K), 4 survivors (4096K)
 Metaspace       used 69846K, capacity 70668K, committed 70944K, reserved 1112064K
  class space    used 7678K, capacity 7992K, committed 8064K, reserved 1048576K
}
Event: 28.917 GC heap before
{Heap before GC invocations=25 (full 0):
 garbage-first heap   total 189440K, used 149826K [0x0000000080400000, 0x0000000100000000)
  region size 1024K, 47 young (48128K), 4 survivors (4096K)
 Metaspace       used 72752K, capacity 73723K, committed 73888K, reserved 1114112K
  class space    used 7970K, capacity 8333K, committed 8448K, reserved 1048576K
}
Event: 28.928 GC heap after
{Heap after GC invocations=26 (full 0):
 garbage-first heap   total 189440K, used 107063K [0x0000000080400000, 0x0000000100000000)
  region size 1024K, 5 young (5120K), 5 survivors (5120K)
 Metaspace       used 72752K, capacity 73723K, committed 73888K, reserved 1114112K
  class space    used 7970K, capacity 8333K, committed 8448K, reserved 1048576K
}
Event: 30.227 GC heap before
{Heap before GC invocations=26 (full 0):
 garbage-first heap   total 189440K, used 152119K [0x0000000080400000, 0x0000000100000000)
  region size 1024K, 49 young (50176K), 5 survivors (5120K)
 Metaspace       used 76971K, capacity 77915K, committed 77984K, reserved 1118208K
  class space    used 8335K, capacity 8685K, committed 8704K, reserved 1048576K
}
Event: 30.251 GC heap after
{Heap after GC invocations=27 (full 0):
 garbage-first heap   total 189440K, used 110981K [0x0000000080400000, 0x0000000100000000)
  region size 1024K, 6 young (6144K), 6 survivors (6144K)
 Metaspace       used 76971K, capacity 77915K, committed 77984K, reserved 1118208K
  class space    used 8335K, capacity 8685K, committed 8704K, reserved 1048576K
}
Event: 31.110 GC heap before
{Heap before GC invocations=28 (full 0):
 garbage-first heap   total 189440K, used 153989K [0x0000000080400000, 0x0000000100000000)
  region size 1024K, 48 young (49152K), 6 survivors (6144K)
 Metaspace       used 77326K, capacity 78267K, committed 78624K, reserved 1120256K
  class space    used 8359K, capacity 8717K, committed 8832K, reserved 1048576K
}
Event: 31.127 GC heap after
{Heap after GC invocations=29 (full 0):
 garbage-first heap   total 189440K, used 115063K [0x0000000080400000, 0x0000000100000000)
  region size 1024K, 5 young (5120K), 5 survivors (5120K)
 Metaspace       used 77326K, capacity 78267K, committed 78624K, reserved 1120256K
  class space    used 8359K, capacity 8717K, committed 8832K, reserved 1048576K
}
Event: 31.888 GC heap before
{Heap before GC invocations=29 (full 0):
 garbage-first heap   total 189440K, used 156023K [0x0000000080400000, 0x0000000100000000)
  region size 1024K, 45 young (46080K), 5 survivors (5120K)
 Metaspace       used 78928K, capacity 79803K, committed 80032K, reserved 1120256K
  class space    used 8504K, capacity 8845K, committed 8960K, reserved 1048576K
}
Event: 31.909 GC heap after
{Heap after GC invocations=30 (full 0):
 garbage-first heap   total 227328K, used 122551K [0x0000000080400000, 0x0000000100000000)
  region size 1024K, 6 young (6144K), 6 survivors (6144K)
 Metaspace       used 78928K, capacity 79803K, committed 80032K, reserved 1120256K
  class space    used 8504K, capacity 8845K, committed 8960K, reserved 1048576K
}
Event: 33.146 GC heap before
{Heap before GC invocations=31 (full 0):
 garbage-first heap   total 227328K, used 176823K [0x0000000080400000, 0x0000000100000000)
  region size 1024K, 59 young (60416K), 6 survivors (6144K)
 Metaspace       used 79811K, capacity 80699K, committed 80800K, reserved 1122304K
  class space    used 8564K, capacity 8909K, committed 8960K, reserved 1048576K
}
Event: 33.188 GC heap after
{Heap after GC invocations=32 (full 0):
 garbage-first heap   total 227328K, used 145909K [0x0000000080400000, 0x0000000100000000)
  region size 1024K, 8 young (8192K), 8 survivors (8192K)
 Metaspace       used 79811K, capacity 80699K, committed 80800K, reserved 1122304K
  class space    used 8564K, capacity 8909K, committed 8960K, reserved 1048576K
}
Event: 33.578 GC heap before
{Heap before GC invocations=32 (full 0):
 garbage-first heap   total 227328K, used 178677K [0x0000000080400000, 0x0000000100000000)
  region size 1024K, 40 young (40960K), 8 survivors (8192K)
 Metaspace       used 80203K, capacity 81115K, committed 81312K, reserved 1122304K
  class space    used 8593K, capacity 8941K, committed 8960K, reserved 1048576K
}
Event: 33.610 GC heap after
{Heap after GC invocations=33 (full 0):
 garbage-first heap   total 227328K, used 160256K [0x0000000080400000, 0x0000000100000000)
  region size 1024K, 5 young (5120K), 5 survivors (5120K)
 Metaspace       used 80203K, capacity 81115K, committed 81312K, reserved 1122304K
  class space    used 8593K, capacity 8941K, committed 8960K, reserved 1048576K
}
Event: 34.395 GC heap before
{Heap before GC invocations=33 (full 0):
 garbage-first heap   total 227328K, used 183808K [0x0000000080400000, 0x0000000100000000)
  region size 1024K, 27 young (27648K), 5 survivors (5120K)
 Metaspace       used 81387K, capacity 82267K, committed 82464K, reserved 1122304K
  class space    used 8696K, capacity 9069K, committed 9088K, reserved 1048576K
}
Event: 34.416 GC heap after
{Heap after GC invocations=34 (full 0):
 garbage-first heap   total 227328K, used 165888K [0x0000000080400000, 0x0000000100000000)
  region size 1024K, 4 young (4096K), 4 survivors (4096K)
 Metaspace       used 81387K, capacity 82267K, committed 82464K, reserved 1122304K
  class space    used 8696K, capacity 9069K, committed 9088K, reserved 1048576K
}
Event: 34.968 GC heap before
{Heap before GC invocations=35 (full 0):
 garbage-first heap   total 227328K, used 188416K [0x0000000080400000, 0x0000000100000000)
  region size 1024K, 25 young (25600K), 4 survivors (4096K)
 Metaspace       used 84867K, capacity 85723K, committed 85920K, reserved 1126400K
  class space    used 9105K, capacity 9453K, committed 9472K, reserved 1048576K
}

Deoptimization events (20 events):
Event: 34.739 Thread 0x00000212d7de7800 DEOPT PACKING pc=0x00000212e54134c8 sp=0x000000604c7fc6b0
Event: 34.739 Thread 0x00000212d7de7800 DEOPT UNPACKING pc=0x00000212dcf66faf sp=0x000000604c7fc668 mode 2
Event: 34.743 Thread 0x00000212d7de7800 Uncommon trap: trap_request=0xffffff4d fr.pc=0x00000212e53f2fe8 relative=0x0000000000000128
Event: 34.743 Thread 0x00000212d7de7800 Uncommon trap: reason=unstable_if action=reinterpret pc=0x00000212e53f2fe8 method=org.jetbrains.kotlin.ir.expressions.impl.IrSetFieldImpl.acceptChildren(Lorg/jetbrains/kotlin/ir/visitors/IrElementVisitor;Ljava/lang/Object;)V @ 12 c2
Event: 34.743 Thread 0x00000212d7de7800 DEOPT PACKING pc=0x00000212e53f2fe8 sp=0x000000604c7fb650
Event: 34.743 Thread 0x00000212d7de7800 DEOPT UNPACKING pc=0x00000212dcf66faf sp=0x000000604c7fb5f0 mode 2
Event: 34.817 Thread 0x00000212d7de7800 Uncommon trap: trap_request=0xffffff4d fr.pc=0x00000212e534f984 relative=0x00000000000000c4
Event: 34.817 Thread 0x00000212d7de7800 Uncommon trap: reason=unstable_if action=reinterpret pc=0x00000212e534f984 method=org.jetbrains.kotlin.backend.common.UtilsKt.peek(Ljava/util/List;)Ljava/lang/Object; @ 12 c2
Event: 34.817 Thread 0x00000212d7de7800 DEOPT PACKING pc=0x00000212e534f984 sp=0x000000604c7fcc30
Event: 34.817 Thread 0x00000212d7de7800 DEOPT UNPACKING pc=0x00000212dcf66faf sp=0x000000604c7fcbd0 mode 2
Event: 34.844 Thread 0x00000212d7de7800 Uncommon trap: trap_request=0xfffffff4 fr.pc=0x00000212e5424de0 relative=0x00000000000003a0
Event: 34.844 Thread 0x00000212d7de7800 Uncommon trap: reason=null_check action=make_not_entrant pc=0x00000212e5424de0 method=org.jetbrains.kotlin.ir.util.IdSignature$PublicSignature.equals(Ljava/lang/Object;)Z @ 1 c2
Event: 34.844 Thread 0x00000212d7de7800 DEOPT PACKING pc=0x00000212e5424de0 sp=0x000000604c7fd3f0
Event: 34.844 Thread 0x00000212d7de7800 DEOPT UNPACKING pc=0x00000212dcf66faf sp=0x000000604c7fd390 mode 2
Event: 34.894 Thread 0x00000212d7de7800 DEOPT PACKING pc=0x00000212e01bf18e sp=0x000000604c7fcea0
Event: 34.894 Thread 0x00000212d7de7800 DEOPT UNPACKING pc=0x00000212dcf66dce sp=0x000000604c7fc330 mode 0
Event: 34.927 Thread 0x00000212d7de7800 Uncommon trap: trap_request=0xffffffde fr.pc=0x00000212e4eaaf2c relative=0x000000000000006c
Event: 34.927 Thread 0x00000212d7de7800 Uncommon trap: reason=class_check action=maybe_recompile pc=0x00000212e4eaaf2c method=org.jetbrains.kotlin.ir.util.DeepCopyIrTreeWithSymbols.remapType(Lorg/jetbrains/kotlin/ir/types/IrType;)Lorg/jetbrains/kotlin/ir/types/IrType; @ 12 c2
Event: 34.927 Thread 0x00000212d7de7800 DEOPT PACKING pc=0x00000212e4eaaf2c sp=0x000000604c7fd040
Event: 34.927 Thread 0x00000212d7de7800 DEOPT UNPACKING pc=0x00000212dcf66faf sp=0x000000604c7fcfd8 mode 2

Classes redefined (0 events):
No events

Internal exceptions (20 events):
Event: 15.693 Thread 0x00000212d7de7800 Implicit null exception at 0x00000212e4c912e0 to 0x00000212e4c97f58
Event: 15.693 Thread 0x00000212d7de7800 Implicit null exception at 0x00000212e4c912e0 to 0x00000212e4c97f58
Event: 16.076 Thread 0x00000212d7de7800 Implicit null exception at 0x00000212e4d018dc to 0x00000212e4d02460
Event: 16.098 Thread 0x00000212d7de7800 Exception <a 'java/lang/NoSuchMethodError'{0x00000000894b2648}: 'java.lang.Object java.lang.invoke.DirectMethodHandle$Holder.invokeInterface(java.lang.Object, java.lang.Object, java.lang.Object)'> (0x00000000894b2648) thrown at [./src/hotspot/share/interpreter/linkResolver.cpp, line 773]
Event: 16.098 Thread 0x00000212d7de7800 Exception <a 'java/lang/IncompatibleClassChangeError'{0x00000000894b5878}: Found class java.lang.Object, but interface was expected> (0x00000000894b5878) thrown at [./src/hotspot/share/interpreter/linkResolver.cpp, line 839]
Event: 19.669 Thread 0x00000212d7de7800 Implicit null exception at 0x00000212e4f11698 to 0x00000212e4f13c54
Event: 20.611 Thread 0x00000212d7de7800 Exception <a 'java/lang/NoSuchMethodError'{0x0000000088f735e0}: 'int java.lang.invoke.DirectMethodHandle$Holder.invokeVirtual(java.lang.Object, java.lang.Object, java.lang.Object)'> (0x0000000088f735e0) thrown at [./src/hotspot/share/interpreter/linkResolver.cpp, line 773]
Event: 20.784 Thread 0x00000212d7de7800 Exception <a 'java/lang/IncompatibleClassChangeError'{0x0000000088b6c908}: Found class java.lang.Object, but interface was expected> (0x0000000088b6c908) thrown at [./src/hotspot/share/interpreter/linkResolver.cpp, line 839]
Event: 23.663 Thread 0x00000212d7de7800 Implicit null exception at 0x00000212e50b8b4b to 0x00000212e50b9f48
Event: 24.190 Thread 0x00000212d7de7800 Implicit null exception at 0x00000212e4e87ad0 to 0x00000212e4e880ec
Event: 25.067 Thread 0x00000212d7de7800 Implicit null exception at 0x00000212e5131c43 to 0x00000212e5132070
Event: 25.067 Thread 0x00000212d7de7800 Implicit null exception at 0x00000212e5131c43 to 0x00000212e5132070
Event: 25.086 Thread 0x00000212d7de7800 Implicit null exception at 0x00000212e5131c43 to 0x00000212e5132070
Event: 25.086 Thread 0x00000212d7de7800 Implicit null exception at 0x00000212e5131c43 to 0x00000212e5132070
Event: 26.669 Thread 0x00000212d7de7800 Implicit null exception at 0x00000212e4d318f9 to 0x00000212e4d31ba1
Event: 27.410 Thread 0x00000212d7de7800 Implicit null exception at 0x00000212e4a5a475 to 0x00000212e4a5a624
Event: 28.774 Thread 0x00000212d7de7800 Implicit null exception at 0x00000212e4bf3552 to 0x00000212e4bf387f
Event: 29.359 Thread 0x00000212d7de7800 Implicit null exception at 0x00000212e4a65c74 to 0x00000212e4a65e78
Event: 34.743 Thread 0x00000212d7de7800 Implicit null exception at 0x00000212e53f2f06 to 0x00000212e53f2fdc
Event: 34.844 Thread 0x00000212d7de7800 Implicit null exception at 0x00000212e5424a6f to 0x00000212e5424dd0

Events (20 events):
Event: 34.938 loading class org/jetbrains/kotlin/ir/descriptors/IrBasedSimpleFunctionDescriptor done
Event: 34.938 loading class org/jetbrains/kotlin/ir/descriptors/IrBasedCallableDescriptor
Event: 34.938 loading class org/jetbrains/kotlin/ir/descriptors/IrBasedCallableDescriptor done
Event: 34.939 loading class org/jetbrains/kotlin/ir/descriptors/IrBasedDeclarationDescriptor
Event: 34.939 loading class org/jetbrains/kotlin/ir/descriptors/IrBasedDeclarationDescriptor done
Event: 34.940 loading class org/jetbrains/kotlin/ir/descriptors/IrBasedDeclarationDescriptor$annotations$2
Event: 34.940 loading class org/jetbrains/kotlin/ir/descriptors/IrBasedDeclarationDescriptor$annotations$2 done
Event: 34.940 loading class org/jetbrains/kotlin/backend/jvm/JvmLoweredDeclarationOrigin$ABSTRACT_BRIDGE_STUB
Event: 34.940 loading class org/jetbrains/kotlin/backend/jvm/JvmLoweredDeclarationOrigin$ABSTRACT_BRIDGE_STUB done
Event: 34.940 loading class org/jetbrains/kotlin/backend/jvm/JvmLoweredDeclarationOrigin$FIELD_FOR_OUTER_THIS
Event: 34.940 loading class org/jetbrains/kotlin/backend/jvm/JvmLoweredDeclarationOrigin$FIELD_FOR_OUTER_THIS done
Event: 34.941 loading class org/jetbrains/kotlin/backend/jvm/JvmLoweredDeclarationOrigin$ENUM_CONSTRUCTOR_SYNTHETIC_PARAMETER
Event: 34.941 loading class org/jetbrains/kotlin/backend/jvm/JvmLoweredDeclarationOrigin$ENUM_CONSTRUCTOR_SYNTHETIC_PARAMETER done
Event: 34.941 loading class org/jetbrains/kotlin/types/AbstractTypeMapper
Event: 34.941 loading class org/jetbrains/kotlin/types/AbstractTypeMapper done
Event: 34.943 loading class org/jetbrains/kotlin/types/AbstractTypeMapper$WhenMappings
Event: 34.943 loading class org/jetbrains/kotlin/types/AbstractTypeMapper$WhenMappings done
Event: 34.947 loading class org/jetbrains/kotlin/backend/jvm/codegen/IrTypeMappingKt
Event: 34.947 loading class org/jetbrains/kotlin/backend/jvm/codegen/IrTypeMappingKt done
Event: 34.967 Executing VM operation: G1CollectForAllocation


Dynamic libraries:
0x00007ff6bf050000 - 0x00007ff6bf05a000 	B:\android-studio-2020.3.1.7-windows\android-studio\jre\bin\java.exe
0x00007ff9be090000 - 0x00007ff9be286000 	C:\Windows\SYSTEM32\ntdll.dll
0x00007ff9bd590000 - 0x00007ff9bd64d000 	C:\Windows\System32\KERNEL32.DLL
0x00007ff9bb970000 - 0x00007ff9bbc39000 	C:\Windows\System32\KERNELBASE.dll
0x00007ff9bb7d0000 - 0x00007ff9bb8d0000 	C:\Windows\System32\ucrtbase.dll
0x00007ff9a82c0000 - 0x00007ff9a82d9000 	B:\android-studio-2020.3.1.7-windows\android-studio\jre\bin\jli.dll
0x00007ff9a8260000 - 0x00007ff9a8277000 	B:\android-studio-2020.3.1.7-windows\android-studio\jre\bin\VCRUNTIME140.dll
0x00007ff9bd390000 - 0x00007ff9bd530000 	C:\Windows\System32\USER32.dll
0x00007ff9bc0c0000 - 0x00007ff9bc0e2000 	C:\Windows\System32\win32u.dll
0x00007ff9a2df0000 - 0x00007ff9a308b000 	C:\Windows\WinSxS\amd64_microsoft.windows.common-controls_6595b64144ccf1df_6.0.19041.746_none_ca02b4b61b8320a4\COMCTL32.dll
0x00007ff9bcda0000 - 0x00007ff9bcdca000 	C:\Windows\System32\GDI32.dll
0x00007ff9bc970000 - 0x00007ff9bca0e000 	C:\Windows\System32\msvcrt.dll
0x00007ff9bbfb0000 - 0x00007ff9bc0bb000 	C:\Windows\System32\gdi32full.dll
0x00007ff9bb8d0000 - 0x00007ff9bb96d000 	C:\Windows\System32\msvcp_win.dll
0x00007ff9bdcb0000 - 0x00007ff9bdce0000 	C:\Windows\System32\IMM32.DLL
0x00007ff95e7f0000 - 0x00007ff95e88d000 	B:\android-studio-2020.3.1.7-windows\android-studio\jre\bin\msvcp140.dll
0x00007ff953ac0000 - 0x00007ff95457c000 	B:\android-studio-2020.3.1.7-windows\android-studio\jre\bin\server\jvm.dll
0x00007ff9bdac0000 - 0x00007ff9bdb6c000 	C:\Windows\System32\ADVAPI32.dll
0x00007ff9bc100000 - 0x00007ff9bc19c000 	C:\Windows\System32\sechost.dll
0x00007ff9bdce0000 - 0x00007ff9bde0b000 	C:\Windows\System32\RPCRT4.dll
0x00007ff9bdca0000 - 0x00007ff9bdca8000 	C:\Windows\System32\PSAPI.DLL
0x00007ff9b7400000 - 0x00007ff9b7409000 	C:\Windows\SYSTEM32\WSOCK32.dll
0x00007ff9afcf0000 - 0x00007ff9afd17000 	C:\Windows\SYSTEM32\WINMM.dll
0x00007ff9b2f00000 - 0x00007ff9b2f0a000 	C:\Windows\SYSTEM32\VERSION.dll
0x00007ff9bd320000 - 0x00007ff9bd38b000 	C:\Windows\System32\WS2_32.dll
0x00007ff9b9660000 - 0x00007ff9b9672000 	C:\Windows\SYSTEM32\kernel.appcore.dll
0x00007ff9b73e0000 - 0x00007ff9b73f1000 	B:\android-studio-2020.3.1.7-windows\android-studio\jre\bin\verify.dll
0x00007ff9b4670000 - 0x00007ff9b4854000 	C:\Windows\SYSTEM32\DBGHELP.DLL
0x00007ff9a99a0000 - 0x00007ff9a99cc000 	C:\Windows\SYSTEM32\dbgcore.DLL
0x00007ff9bbc40000 - 0x00007ff9bbcc0000 	C:\Windows\System32\bcryptPrimitives.dll
0x00007ff9b7310000 - 0x00007ff9b7339000 	B:\android-studio-2020.3.1.7-windows\android-studio\jre\bin\java.dll
0x00007ff9b73d0000 - 0x00007ff9b73db000 	B:\android-studio-2020.3.1.7-windows\android-studio\jre\bin\jimage.dll
0x00007ff9b7360000 - 0x00007ff9b7378000 	B:\android-studio-2020.3.1.7-windows\android-studio\jre\bin\zip.dll
0x00007ff9bc1a0000 - 0x00007ff9bc8e2000 	C:\Windows\System32\SHELL32.dll
0x00007ff9b9940000 - 0x00007ff9ba0d0000 	C:\Windows\SYSTEM32\windows.storage.dll
0x00007ff9bcf60000 - 0x00007ff9bd2b6000 	C:\Windows\System32\combase.dll
0x00007ff9bb230000 - 0x00007ff9bb25c000 	C:\Windows\SYSTEM32\Wldp.dll
0x00007ff9bce30000 - 0x00007ff9bcede000 	C:\Windows\System32\SHCORE.dll
0x00007ff9bd2c0000 - 0x00007ff9bd315000 	C:\Windows\System32\shlwapi.dll
0x00007ff9bb700000 - 0x00007ff9bb726000 	C:\Windows\SYSTEM32\profapi.dll
0x00007ff9aa660000 - 0x00007ff9aa67a000 	B:\android-studio-2020.3.1.7-windows\android-studio\jre\bin\net.dll
0x00007ff9ad1c0000 - 0x00007ff9ad2c0000 	C:\Windows\SYSTEM32\WINHTTP.dll
0x00007ff9bafb0000 - 0x00007ff9bb01a000 	C:\Windows\system32\mswsock.dll
0x00007ff9a8840000 - 0x00007ff9a8854000 	B:\android-studio-2020.3.1.7-windows\android-studio\jre\bin\nio.dll

dbghelp: loaded successfully - version: 4.0.5 - missing functions: none
symbol engine: initialized successfully - sym options: 0x614 - pdb path: .;B:\android-studio-2020.3.1.7-windows\android-studio\jre\bin;C:\Windows\SYSTEM32;C:\Windows\WinSxS\amd64_microsoft.windows.common-controls_6595b64144ccf1df_6.0.19041.746_none_ca02b4b61b8320a4;B:\android-studio-2020.3.1.7-windows\android-studio\jre\bin\server

VM Arguments:
java_command: org.jetbrains.kotlin.cli.jvm.K2JVMCompiler @C:\Users\vovas\StudioProjects\runar-android\app\build\20210311_2011429289433730535.compiler.options
java_class_path (initial): C:\Users\vovas\.gradle\caches\modules-2\files-2.1\org.jetbrains.kotlin\kotlin-compiler-embeddable\1.4.30\320bc62a2dfa19a24bc1613894ae0eabc909052c\kotlin-compiler-embeddable-1.4.30.jar;C:\Users\vovas\.gradle\caches\modules-2\files-2.1\org.jetbrains.kotlin\kotlin-reflect\1.4.30\a9116fbe28a0514671787df95133f28e65fdac25\kotlin-reflect-1.4.30.jar;C:\Users\vovas\.gradle\caches\modules-2\files-2.1\org.jetbrains.kotlin\kotlin-stdlib\1.4.30\d10d1e10f47006ee08162dde039e38ac487de4ac\kotlin-stdlib-1.4.30.jar;C:\Users\vovas\.gradle\caches\modules-2\files-2.1\org.jetbrains.kotlin\kotlin-script-runtime\1.4.30\b9c2a1fab9217623fc0fbadf6190e77eed6f054d\kotlin-script-runtime-1.4.30.jar;C:\Users\vovas\.gradle\caches\modules-2\files-2.1\org.jetbrains.kotlin\kotlin-daemon-embeddable\1.4.30\bc024798c5378570ded42ffe3db82ca8ac86dabc\kotlin-daemon-embeddable-1.4.30.jar;C:\Users\vovas\.gradle\caches\modules-2\files-2.1\org.jetbrains.intellij.deps\trove4j\1.0.20181211\216c2e14b070f334479d800987affe4054cd563f\trove4j-1.0.20181211.jar;C:\Users\vovas\.gradle\caches\modules-2\files-2.1\org.jetbrains.kotlin\kotlin-stdlib-common\1.4.30\bb9a3173350f55732416ee27956ea8f9b81f4dbb\kotlin-stdlib-common-1.4.30.jar;C:\Users\vovas\.gradle\caches\modules-2\files-2.1\org.jetbrains\annotations\13.0\919f0dfe192fb4e063e7dacadee7f8bb9a2672a9\annotations-13.0.jar
Launcher Type: SUN_STANDARD

[Global flags]
     intx CICompilerCount                          = 3                                         {product} {ergonomic}
     uint ConcGCThreads                            = 1                                         {product} {ergonomic}
     uint G1ConcRefinementThreads                  = 4                                         {product} {ergonomic}
   size_t G1HeapRegionSize                         = 1048576                                   {product} {ergonomic}
    uintx GCDrainStackTargetSize                   = 64                                        {product} {ergonomic}
   size_t InitialHeapSize                          = 134217728                                 {product} {ergonomic}
   size_t MarkStackSize                            = 4194304                                   {product} {ergonomic}
   size_t MaxHeapSize                              = 2143289344                                {product} {ergonomic}
   size_t MaxNewSize                               = 1285554176                                {product} {ergonomic}
   size_t MinHeapDeltaBytes                        = 1048576                                   {product} {ergonomic}
    uintx NonNMethodCodeHeapSize                   = 5830732                                {pd product} {ergonomic}
    uintx NonProfiledCodeHeapSize                  = 122913754                              {pd product} {ergonomic}
    uintx ProfiledCodeHeapSize                     = 122913754                              {pd product} {ergonomic}
    uintx ReservedCodeCacheSize                    = 251658240                              {pd product} {ergonomic}
     bool SegmentedCodeCache                       = true                                      {product} {ergonomic}
     bool UseCompressedClassPointers               = true                                 {lp64_product} {ergonomic}
     bool UseCompressedOops                        = true                                 {lp64_product} {ergonomic}
     bool UseG1GC                                  = true                                      {product} {ergonomic}
     bool UseLargePagesIndividualAllocation        = false                                  {pd product} {ergonomic}

Logging:
Log output configuration:
 #0: stdout all=warning uptime,level,tags
 #1: stderr all=off uptime,level,tags

Environment Variables:
PATH=C:\Windows\system32;C:\Windows;C:\Windows\System32\Wbem;C:\Windows\System32\WindowsPowerShell\v1.0\;C:\Windows\System32\OpenSSH\;C:\Program Files\Git\cmd;C:\Users\vovas\AppData\Local\Microsoft\WindowsApps;C:\Users\vovas\AppData\Local\GitHubDesktop\bin
USERNAME=vovas
OS=Windows_NT
PROCESSOR_IDENTIFIER=AMD64 Family 21 Model 2 Stepping 0, AuthenticAMD



---------------  S Y S T E M  ---------------

OS: Windows 10 , 64 bit Build 19041 (10.0.19041.804)
OS uptime: 0 days 3:35 hours

CPU:total 4 (initial active 4) (4 cores per cpu, 1 threads per core) family 21 model 2 stepping 0, cmov, cx8, fxsr, mmx, sse, sse2, sse3, ssse3, sse4.1, sse4.2, popcnt, avx, aes, clmul, mmxext, 3dnowpref, lzcnt, sse4a, tsc, tscinvbit, tscinv, bmi1, fma

Memory: 4k page, system-wide physical 8175M (347M free)
TotalPageFile size 18104M (AvailPageFile size 7M)
current process WorkingSet (physical memory assigned to process): 469M, peak: 469M
current process commit charge ("private bytes"): 501M, peak: 546M

vm_info: OpenJDK 64-Bit Server VM (11.0.8+10-b944.6842174) for windows-amd64 JRE (11.0.8+10-b944.6842174), built on Sep 19 2020 01:11:42 by "builder" with MS VC++ 14.0 (VS2015)

END.
